0 info it worked if it ends with ok
1 verbose cli [ '/usr/local/bin/node', '/usr/local/bin/npm', 'publish' ]
2 info using npm@3.5.3
3 info using node@v5.4.1
4 verbose publish [ '.' ]
5 silly cache add args [ '.', null ]
6 verbose cache add spec .
7 silly cache add parsed spec Result {
7 silly cache add   raw: '.',
7 silly cache add   scope: null,
7 silly cache add   name: null,
7 silly cache add   rawSpec: '.',
7 silly cache add   spec: '/home/big/j/code/ff-textbox',
7 silly cache add   type: 'directory' }
8 verbose addLocalDirectory /home/big/j/.npm/ff-textbox/0.0.1/package.tgz not in flight; packing
9 info lifecycle ff-textbox@0.0.1~prepublish: ff-textbox@0.0.1
10 silly lifecycle ff-textbox@0.0.1~prepublish: no script for prepublish, continuing
11 verbose tar pack [ '/home/big/j/.npm/ff-textbox/0.0.1/package.tgz',
11 verbose tar pack   '/home/big/j/code/ff-textbox' ]
12 verbose tarball /home/big/j/.npm/ff-textbox/0.0.1/package.tgz
13 verbose folder /home/big/j/code/ff-textbox
14 verbose addLocalTarball adding from inside cache /home/big/j/.npm/ff-textbox/0.0.1/package.tgz
15 silly cache afterAdd ff-textbox@0.0.1
16 verbose afterAdd /home/big/j/.npm/ff-textbox/0.0.1/package/package.json not in flight; writing
17 verbose afterAdd /home/big/j/.npm/ff-textbox/0.0.1/package/package.json written
18 silly publish { name: 'ff-textbox',
18 silly publish   version: '0.0.1',
18 silly publish   description: 'Flimflam textarea that expands as you type and captures Enter key.',
18 silly publish   main: 'index.js',
18 silly publish   directories: { test: 'test' },
18 silly publish   dependencies: { snabbdom: '0.4.2' },
18 silly publish   devDependencies: { babelify: '6.4.0', budo: '8.2.2', 'flimflam-render': '0.1.3' },
18 silly publish   scripts:
18 silly publish    { build: 'babel index.es6 > index.js',
18 silly publish      test: 'zuul --local --ui mocha-qunit -- test/index.js' },
18 silly publish   repository:
18 silly publish    { type: 'git',
18 silly publish      url: 'git+https://github.com/jayrbolton/ff-textbox.git' },
18 silly publish   keywords: [ 'textarea', 'textbox', 'comment', 'flimflam' ],
18 silly publish   author:
18 silly publish    { name: 'jay r bolton',
18 silly publish      email: 'jayrbolton@gmail.com',
18 silly publish      url: 'http://jayrbolton.com/' },
18 silly publish   license: 'MIT',
18 silly publish   bugs: { url: 'https://github.com/jayrbolton/ff-textbox/issues' },
18 silly publish   homepage: 'https://github.com/jayrbolton/ff-textbox#readme',
18 silly publish   readme: '\n## flimflam textbox\n\nAn auto-expanding textarea. You can optionally have the enter key trigger a change or a form submit, with shift-enter and alt-enter adding linebreaks.\n\nThis textbox will start out with a set height that you can specify (defaults to 1 line), and will expand downward as the user types more lines. You can optionally add a max line limit, at which point the area will have a scrollbar.\n\nTo use it, simply wrap a config object and a text area in a call to `textbox()`\n\n```js\nimport h from \'snabbdom/h\'\nimport textbox from \'ff-textbox\'\n\nlet textarea = h(\'textarea\', {props: {placeholder: \'Hi!\'}, on: {change: do_something}}, defaultVal)\nlet myCommentBox = textbox(textarea, {\n  captureEnter: true // default = false, whether hitting enter triggers change/form submit\n, maxRows: 4 // default = false, set a number of rows that will cause scrolling to start within the textarea. Falsy value means unlimited rows, never scrolls.\n})\n```\n\nThe `captureEnter` property, if set to true, changes the behavior of the enter key within the textarea. If the user presses enter, no linebreak will be made. Instead:\n- If the textarea is within a form, both change event on the textarea and a form submit event will fire\n- If the textarea is not within a form, just a change event will fire\n\nWith `captureEnter` turned on, the user can press Shift-Enter or Alt-Enter to still create linebreaks. This behavior is similar to comment boxes that are very common in apps.\n\n## developing\n\nTo build for deployment, run: `npm run build`. You need babel-cli installed.\n\n## test\n\n`zuul --local --ui mocha-qunit -- test/index.js`\n\nor\n\n`npm run test`\n\n## demo\n\nA demo lives in `/demo/index.js`.\n\nRun `budo demo/index.js -- -t babelify` to serve the demo.\n\n',
18 silly publish   readmeFilename: 'README.md',
18 silly publish   gitHead: '65e420c28a5d8d66722e20de85cb41bb2b213357',
18 silly publish   _id: 'ff-textbox@0.0.1',
18 silly publish   _shasum: '1b87695369cc8f9d5c89051a7323d55a6787d266',
18 silly publish   _from: '.' }
19 verbose getPublishConfig undefined
20 silly mapToRegistry name ff-textbox
21 silly mapToRegistry using default registry
22 silly mapToRegistry registry https://registry.npmjs.org/
23 silly mapToRegistry uri https://registry.npmjs.org/ff-textbox
24 verbose publish registryBase https://registry.npmjs.org/
25 silly publish uploading /home/big/j/.npm/ff-textbox/0.0.1/package.tgz
26 verbose request uri https://registry.npmjs.org/ff-textbox
27 verbose request sending authorization for write operation
28 info attempt registry request try #1 at 10:55:32 AM
29 verbose request id 474677fca80b623e
30 http request PUT https://registry.npmjs.org/ff-textbox
31 http 403 https://registry.npmjs.org/ff-textbox
32 verbose headers { 'content-type': 'application/json',
32 verbose headers   'cache-control': 'max-age=300',
32 verbose headers   'content-length': '95',
32 verbose headers   'accept-ranges': 'bytes',
32 verbose headers   date: 'Fri, 10 Jun 2016 17:55:34 GMT',
32 verbose headers   via: '1.1 varnish',
32 verbose headers   connection: 'keep-alive',
32 verbose headers   'x-served-by': 'cache-atl6223-ATL',
32 verbose headers   'x-cache': 'MISS',
32 verbose headers   'x-cache-hits': '0',
32 verbose headers   'x-timer': 'S1465581333.190396,VS0,VE1098',
32 verbose headers   vary: 'Accept-Encoding' }
33 verbose request invalidating /home/big/j/.npm/registry.npmjs.org/ff-textbox on PUT
34 error publish Failed PUT 403
35 verbose stack Error: "You cannot publish over the previously published version 0.0.1." : ff-textbox
35 verbose stack     at makeError (/usr/local/lib/node_modules/npm/node_modules/npm-registry-client/lib/request.js:264:12)
35 verbose stack     at CachingRegistryClient.<anonymous> (/usr/local/lib/node_modules/npm/node_modules/npm-registry-client/lib/request.js:252:14)
35 verbose stack     at Request._callback (/usr/local/lib/node_modules/npm/node_modules/npm-registry-client/lib/request.js:172:14)
35 verbose stack     at Request.self.callback (/usr/local/lib/node_modules/npm/node_modules/request/request.js:198:22)
35 verbose stack     at emitTwo (events.js:87:13)
35 verbose stack     at Request.emit (events.js:172:7)
35 verbose stack     at Request.<anonymous> (/usr/local/lib/node_modules/npm/node_modules/request/request.js:1035:10)
35 verbose stack     at emitOne (events.js:82:20)
35 verbose stack     at Request.emit (events.js:169:7)
35 verbose stack     at IncomingMessage.<anonymous> (/usr/local/lib/node_modules/npm/node_modules/request/request.js:962:12)
36 verbose statusCode 403
37 verbose pkgid ff-textbox
38 verbose cwd /home/big/j/code/ff-textbox
39 error Linux 3.16.0-4-amd64
40 error argv "/usr/local/bin/node" "/usr/local/bin/npm" "publish"
41 error node v5.4.1
42 error npm  v3.5.3
43 error code E403
44 error "You cannot publish over the previously published version 0.0.1." : ff-textbox
45 error If you need help, you may report this error at:
45 error     <https://github.com/npm/npm/issues>
46 verbose exit [ 1, true ]
